12:05:57: Creating resource group General
12:05:57: Creating resource group Internal
12:05:57: Creating resource group Autodetect
12:05:57: SceneManagerFactory for type 'DefaultSceneManager' registered.
12:05:57: Registering ResourceManager for type Material
12:05:57: Registering ResourceManager for type Mesh
12:05:57: Registering ResourceManager for type Skeleton
12:05:57: MovableObjectFactory for type 'ParticleSystem' registered.
12:05:57: OverlayElementFactory for type Panel registered.
12:05:57: OverlayElementFactory for type BorderPanel registered.
12:05:57: OverlayElementFactory for type TextArea registered.
12:05:57: Registering ResourceManager for type Font
12:05:57: ArchiveFactory for archive type FileSystem registered.
12:05:57: ArchiveFactory for archive type Zip registered.
12:05:57: ArchiveFactory for archive type EmbeddedZip registered.
12:05:57: DDS codec registering
12:05:57: FreeImage version: 3.15.1
12:05:57: This program uses FreeImage, a free, open source image library supporting all common bitmap formats. See http://freeimage.sourceforge.net for details
12:05:57: Supported formats: bmp,ico,jpg,jif,jpeg,jpe,jng,koa,iff,lbm,mng,pbm,pbm,pcd,pcx,pgm,pgm,png,ppm,ppm,ras,tga,targa,tif,tiff,wap,wbmp,wbm,psd,cut,xbm,xpm,gif,hdr,g3,sgi,exr,j2k,j2c,jp2,pfm,pct,pict,pic,3fr,arw,bay,bmq,cap,cine,cr2,crw,cs1,dc2,dcr,drf,dsc,dng,erf,fff,ia,iiq,k25,kc2,kdc,mdc,mef,mos,mrw,nef,nrw,orf,pef,ptx,pxn,qtk,raf,raw,rdc,rw2,rwl,rwz,sr2,srf,sti
12:05:57: Registering ResourceManager for type HighLevelGpuProgram
12:05:57: Registering ResourceManager for type Compositor
12:05:57: MovableObjectFactory for type 'Entity' registered.
12:05:57: MovableObjectFactory for type 'Light' registered.
12:05:57: MovableObjectFactory for type 'BillboardSet' registered.
12:05:57: MovableObjectFactory for type 'ManualObject' registered.
12:05:57: MovableObjectFactory for type 'BillboardChain' registered.
12:05:57: MovableObjectFactory for type 'RibbonTrail' registered.
12:05:57: Loading library /usr/local/lib/OGRE/RenderSystem_GL
12:05:57: Installing plugin: GL RenderSystem
12:05:57: OpenGL Rendering Subsystem created.
12:05:57: Plugin successfully installed
12:05:57: Loading library /usr/local/lib/OGRE/Plugin_ParticleFX
12:05:57: Installing plugin: ParticleFX
12:05:57: Particle Emitter Type 'Point' registered
12:05:57: Particle Emitter Type 'Box' registered
12:05:57: Particle Emitter Type 'Ellipsoid' registered
12:05:57: Particle Emitter Type 'Cylinder' registered
12:05:57: Particle Emitter Type 'Ring' registered
12:05:57: Particle Emitter Type 'HollowEllipsoid' registered
12:05:57: Particle Affector Type 'LinearForce' registered
12:05:57: Particle Affector Type 'ColourFader' registered
12:05:57: Particle Affector Type 'ColourFader2' registered
12:05:57: Particle Affector Type 'ColourImage' registered
12:05:57: Particle Affector Type 'ColourInterpolator' registered
12:05:57: Particle Affector Type 'Scaler' registered
12:05:57: Particle Affector Type 'Rotator' registered
12:05:57: Particle Affector Type 'DirectionRandomiser' registered
12:05:57: Particle Affector Type 'DeflectorPlane' registered
12:05:57: Plugin successfully installed
12:05:57: Loading library /usr/local/lib/OGRE/Plugin_BSPSceneManager
12:05:57: Installing plugin: BSP Scene Manager
12:05:57: Plugin successfully installed
12:05:57: Loading library /usr/local/lib/OGRE/Plugin_CgProgramManager
12:05:57: Installing plugin: Cg Program Manager
12:05:57: Plugin successfully installed
12:05:57: Loading library /usr/local/lib/OGRE/Plugin_PCZSceneManager
12:05:57: Installing plugin: Portal Connected Zone Scene Manager
12:05:57: PCZone Factory Type 'ZoneType_Default' registered
12:05:57: Plugin successfully installed
12:05:57: Loading library /usr/local/lib/OGRE/Plugin_OctreeZone
12:05:57: Installing plugin: Octree Zone Factory
12:05:57: Plugin successfully installed
12:05:57: Loading library /usr/local/lib/OGRE/Plugin_OctreeSceneManager
12:05:57: Installing plugin: Octree Scene Manager
12:05:57: Plugin successfully installed
12:05:57: *-*-* OGRE Initialising
12:05:57: *-*-* Version 1.8.1 (Byatis)
12:05:57: Creating resource group Essential
12:05:57: Added resource location '../media/packs/SdkTrays.zip' of type 'Zip' to resource group 'Essential'
12:05:57: Creating resource group Fonts
12:05:57: Added resource location '/usr/local/share/CEGUI/fonts' of type 'FileSystem' to resource group 'Fonts'
12:05:57: Added resource location '../media' of type 'FileSystem' to resource group 'General'
12:05:57: Added resource location '../media/materials/scripts' of type 'FileSystem' to resource group 'General'
12:05:57: Added resource location '../media/materials/textures' of type 'FileSystem' to resource group 'General'
12:05:57: Added resource location '../media/models' of type 'FileSystem' to resource group 'General'
12:05:57: Added resource location '/usr/local/share/CEGUI/xml_schemas' of type 'FileSystem' to resource group 'General'
12:05:57: Creating resource group Imagesets
12:05:57: Added resource location '/usr/local/share/CEGUI/imagesets' of type 'FileSystem' to resource group 'Imagesets'
12:05:57: Creating resource group Layouts
12:05:57: Added resource location '/usr/local/share/CEGUI/layouts' of type 'FileSystem' to resource group 'Layouts'
12:05:57: Creating resource group LookNFeel
12:05:57: Added resource location '/usr/local/share/CEGUI/looknfeel' of type 'FileSystem' to resource group 'LookNFeel'
12:05:57: Creating resource group Schemes
12:05:57: Added resource location '/usr/local/share/CEGUI/schemes' of type 'FileSystem' to resource group 'Schemes'
12:06:00: CPU Identifier & Features
12:06:00: -------------------------
12:06:00:  *   CPU ID: AuthenticAMD: AMD Athlon(tm) Dual Core Processor 4850e
12:06:00:  *      SSE: yes
12:06:00:  *     SSE2: yes
12:06:00:  *     SSE3: yes
12:06:00:  *      MMX: yes
12:06:00:  *   MMXEXT: yes
12:06:00:  *    3DNOW: yes
12:06:00:  * 3DNOWEXT: yes
12:06:00:  *     CMOV: yes
12:06:00:  *      TSC: yes
12:06:00:  *      FPU: yes
12:06:00:  *      PRO: yes
12:06:00:  *       HT: no
12:06:00: -------------------------
12:06:00: ******************************
*** Starting GLX Subsystem ***
******************************
12:06:00: Registering ResourceManager for type Texture
12:06:00: GLRenderSystem::_createRenderWindow "TutorialApplication Render Window", 640x480 windowed  miscParams: FSAA=0 displayFrequency=60 Hz gamma=No vsync=No 
12:06:00: GLXWindow::create used FBConfigID = 151
12:06:00: GL_VERSION = 2.1 Mesa 8.0.4
12:06:00: GL_VENDOR = X.Org
12:06:00: GL_RENDERER = Gallium 0.4 on AMD RS780
12:06:00: GL_EXTENSIONS = GL_ARB_multisample GL_EXT_abgr GL_EXT_bgra GL_EXT_blend_color GL_EXT_blend_minmax GL_EXT_blend_subtract GL_EXT_copy_texture GL_EXT_polygon_offset GL_EXT_subtexture GL_EXT_texture_object GL_EXT_vertex_array GL_EXT_compiled_vertex_array GL_EXT_texture GL_EXT_texture3D GL_IBM_rasterpos_clip GL_ARB_point_parameters GL_EXT_draw_range_elements GL_EXT_packed_pixels GL_EXT_point_parameters GL_EXT_rescale_normal GL_EXT_separate_specular_color GL_EXT_texture_edge_clamp GL_SGIS_generate_mipmap GL_SGIS_texture_border_clamp GL_SGIS_texture_edge_clamp GL_SGIS_texture_lod GL_ARB_framebuffer_sRGB GL_ARB_multitexture GL_EXT_framebuffer_sRGB GL_IBM_multimode_draw_arrays GL_IBM_texture_mirrored_repeat GL_ARB_texture_cube_map GL_ARB_texture_env_add GL_ARB_transpose_matrix GL_EXT_blend_func_separate GL_EXT_fog_coord GL_EXT_multi_draw_arrays GL_EXT_secondary_color GL_EXT_texture_env_add GL_EXT_texture_filter_anisotropic GL_EXT_texture_lod_bias GL_INGR_blend_func_separate GL_NV_blend_square GL_NV_light_max_exponent GL_NV_texgen_reflection GL_NV_texture_env_combine4 GL_SUN_multi_draw_arrays GL_ARB_texture_border_clamp GL_ARB_texture_compression GL_EXT_framebuffer_object GL_EXT_texture_env_combine GL_EXT_texture_env_dot3 GL_MESA_window_pos GL_NV_packed_depth_stencil GL_NV_texture_rectangle GL_ARB_depth_texture GL_ARB_occlusion_query GL_ARB_shadow GL_ARB_texture_env_combine GL_ARB_texture_env_crossbar GL_ARB_texture_env_dot3 GL_ARB_texture_mirrored_repeat GL_ARB_window_pos GL_EXT_stencil_two_side GL_EXT_texture_cube_map GL_NV_depth_clamp GL_NV_fog_distance GL_APPLE_packed_pixels GL_APPLE_vertex_array_object GL_ARB_draw_buffers GL_ARB_fragment_program GL_ARB_fragment_shader GL_ARB_shader_objects GL_ARB_vertex_program GL_ARB_vertex_shader GL_ATI_draw_buffers GL_ATI_texture_env_combine3 GL_ATI_texture_float GL_EXT_shadow_funcs GL_EXT_stencil_wrap GL_MESA_pack_invert GL_NV_primitive_restart GL_ARB_depth_clamp GL_ARB_fragment_program_shadow GL_ARB_half_float_pixel GL_ARB_occlusion_query2 GL_ARB_point_sprite GL_ARB_shading_language_100 GL_ARB_sync GL_ARB_texture_non_power_of_two GL_ARB_vertex_buffer_object GL_ATI_blend_equation_separate GL_EXT_blend_equation_separate GL_OES_read_format GL_ARB_color_buffer_float GL_ARB_pixel_buffer_object GL_ARB_texture_compression_rgtc GL_ARB_texture_float GL_ARB_texture_rectangle GL_ATI_texture_compression_3dc GL_EXT_packed_float GL_EXT_pixel_buffer_object GL_EXT_texture_compression_rgtc GL_EXT_texture_mirror_clamp GL_EXT_texture_rectangle GL_EXT_texture_sRGB GL_EXT_texture_shared_exponent GL_ARB_framebuffer_object GL_EXT_framebuffer_blit GL_EXT_framebuffer_multisample GL_EXT_packed_depth_stencil GL_ARB_vertex_array_object GL_ATI_separate_stencil GL_ATI_texture_mirror_once GL_EXT_draw_buffers2 GL_EXT_gpu_program_parameters GL_EXT_texture_array GL_EXT_texture_compression_latc GL_EXT_texture_sRGB_decode GL_EXT_timer_query GL_OES_EGL_image GL_MESA_texture_array GL_ARB_copy_buffer GL_ARB_depth_buffer_float GL_ARB_half_float_vertex GL_ARB_instanced_arrays GL_ARB_map_buffer_range GL_ARB_texture_rg GL_ARB_texture_swizzle GL_ARB_vertex_array_bgra GL_EXT_separate_shader_objects GL_EXT_texture_swizzle GL_EXT_vertex_array_bgra GL_NV_conditional_render GL_AMD_draw_buffers_blend GL_AMD_shader_stencil_export GL_ARB_ES2_compatibility GL_ARB_draw_buffers_blend GL_ARB_draw_elements_base_vertex GL_ARB_explicit_attrib_location GL_ARB_fragment_coord_conventions GL_ARB_provoking_vertex GL_ARB_sampler_objects GL_ARB_seamless_cube_map GL_ARB_shader_stencil_export GL_ARB_shader_texture_lod GL_ARB_texture_rgb10_a2ui GL_ARB_vertex_type_2_10_10_10_rev GL_EXT_provoking_vertex GL_EXT_texture_snorm GL_MESA_texture_signed_rgba GL_NV_texture_barrier GL_ARB_robustness GL_ARB_texture_storage 
12:06:00: Supported GLX extensions: GLX_ARB_get_proc_address GLX_ARB_multisample GLX_EXT_import_context GLX_EXT_visual_info GLX_EXT_visual_rating GLX_MESA_copy_sub_buffer GLX_MESA_multithread_makecurrent GLX_MESA_swap_control GLX_OML_swap_method GLX_OML_sync_control GLX_SGI_make_current_read GLX_SGI_swap_control GLX_SGI_video_sync GLX_SGIS_multisample GLX_SGIX_fbconfig GLX_SGIX_pbuffer GLX_SGIX_visual_select_group GLX_EXT_texture_from_pixmap 
12:06:00: ***************************
12:06:00: *** GL Renderer Started ***
12:06:00: ***************************
12:06:00: Registering ResourceManager for type GpuProgram
12:06:00: GLSL support detected
12:06:00: GL: Using GL_EXT_framebuffer_object for rendering to textures (best)
12:06:00: FBO PF_UNKNOWN depth/stencil support: D0S1 D0S4 D0S8 D0S16 D16S0 D24S0 D32S0 Packed-D24S8 
12:06:00: FBO PF_L8 depth/stencil support: D0S0 D0S1 D0S4 D0S8 D0S16 D16S0 D24S0 D32S0 Packed-D24S8 
12:06:00: FBO PF_A8 depth/stencil support: D0S0 D0S1 D0S4 D0S8 D0S16 D16S0 D24S0 D32S0 Packed-D24S8 
12:06:00: FBO PF_A4L4 depth/stencil support: D0S0 D0S1 D0S4 D0S8 D0S16 D16S0 D24S0 D32S0 Packed-D24S8 
12:06:00: FBO PF_BYTE_LA depth/stencil support: D0S0 D0S1 D0S4 D0S8 D0S16 D16S0 D24S0 D32S0 Packed-D24S8 
12:06:00: FBO PF_R5G6B5 depth/stencil support: D0S0 D0S1 D0S4 D0S8 D0S16 D16S0 D24S0 D32S0 Packed-D24S8 
12:06:00: FBO PF_B5G6R5 depth/stencil support: D0S0 D0S1 D0S4 D0S8 D0S16 D16S0 D24S0 D32S0 Packed-D24S8 
12:06:00: FBO PF_A4R4G4B4 depth/stencil support: D0S0 D0S1 D0S4 D0S8 D0S16 D16S0 D24S0 D32S0 Packed-D24S8 
12:06:00: FBO PF_A1R5G5B5 depth/stencil support: D0S0 D0S1 D0S4 D0S8 D0S16 D16S0 D24S0 D32S0 Packed-D24S8 
12:06:00: FBO PF_R8G8B8 depth/stencil support: D0S0 D0S1 D0S4 D0S8 D0S16 D16S0 D24S0 D32S0 Packed-D24S8 
12:06:00: FBO PF_B8G8R8 depth/stencil support: D0S0 D0S1 D0S4 D0S8 D0S16 D16S0 D24S0 D32S0 Packed-D24S8 
12:06:00: FBO PF_A8R8G8B8 depth/stencil support: D0S0 D0S1 D0S4 D0S8 D0S16 D16S0 D24S0 D32S0 Packed-D24S8 
12:06:00: FBO PF_B8G8R8A8 depth/stencil support: D0S0 D0S1 D0S4 D0S8 D0S16 D16S0 D24S0 D32S0 Packed-D24S8 
12:06:00: FBO PF_A2R10G10B10 depth/stencil support: D0S0 D0S1 D0S4 D0S8 D0S16 D16S0 D24S0 D32S0 Packed-D24S8 
12:06:00: FBO PF_A2B10G10R10 depth/stencil support: D0S0 D0S1 D0S4 D0S8 D0S16 D16S0 D24S0 D32S0 Packed-D24S8 
12:06:00: FBO PF_FLOAT16_RGB depth/stencil support: D0S0 D0S1 D0S4 D0S8 D0S16 D16S0 D24S0 D32S0 Packed-D24S8 
12:06:00: FBO PF_FLOAT16_RGBA depth/stencil support: D0S0 D0S1 D0S4 D0S8 D0S16 D16S0 D24S0 D32S0 Packed-D24S8 
12:06:00: FBO PF_FLOAT32_RGB depth/stencil support: D0S0 D0S1 D0S4 D0S8 D0S16 D16S0 D24S0 D32S0 Packed-D24S8 
12:06:00: FBO PF_FLOAT32_RGBA depth/stencil support: D0S0 D0S1 D0S4 D0S8 D0S16 D16S0 D24S0 D32S0 Packed-D24S8 
12:06:00: FBO PF_X8R8G8B8 depth/stencil support: D0S0 D0S1 D0S4 D0S8 D0S16 D16S0 D24S0 D32S0 Packed-D24S8 
12:06:00: FBO PF_X8B8G8R8 depth/stencil support: D0S0 D0S1 D0S4 D0S8 D0S16 D16S0 D24S0 D32S0 Packed-D24S8 
12:06:00: FBO PF_SHORT_RGBA depth/stencil support: D0S0 D0S1 D0S4 D0S8 D0S16 D16S0 D24S0 D32S0 Packed-D24S8 
12:06:00: FBO PF_R3G3B2 depth/stencil support: D0S0 D0S1 D0S4 D0S8 D0S16 D16S0 D24S0 D32S0 Packed-D24S8 
12:06:00: FBO PF_SHORT_RGB depth/stencil support: D0S0 D0S1 D0S4 D0S8 D0S16 D16S0 D24S0 D32S0 Packed-D24S8 
12:06:00: [GL] : Valid FBO targets PF_UNKNOWN PF_L8 PF_A8 PF_A4L4 PF_BYTE_LA PF_R5G6B5 PF_B5G6R5 PF_A4R4G4B4 PF_A1R5G5B5 PF_R8G8B8 PF_B8G8R8 PF_A8R8G8B8 PF_B8G8R8A8 PF_A2R10G10B10 PF_A2B10G10R10 PF_FLOAT16_RGB PF_FLOAT16_RGBA PF_FLOAT32_RGB PF_FLOAT32_RGBA PF_X8R8G8B8 PF_X8B8G8R8 PF_SHORT_RGBA PF_R3G3B2 PF_SHORT_RGB 
12:06:00: RenderSystem capabilities
12:06:00: -------------------------
12:06:00: RenderSystem Name: OpenGL Rendering Subsystem
12:06:00: GPU Vendor: unknown
12:06:00: Device Name: Gallium 0.4 on AMD RS780
12:06:00: Driver Version: 2.1.0.0
12:06:00:  * Fixed function pipeline: yes
12:06:00:  * Hardware generation of mipmaps: yes
12:06:00:  * Texture blending: yes
12:06:00:  * Anisotropic texture filtering: yes
12:06:00:  * Dot product texture operation: yes
12:06:00:  * Cube mapping: yes
12:06:00:  * Hardware stencil buffer: yes
12:06:00:    - Stencil depth: 8
12:06:00:    - Two sided stencil support: yes
12:06:00:    - Wrap stencil values: yes
12:06:00:  * Hardware vertex / index buffers: yes
12:06:00:  * Vertex programs: yes
12:06:00:  * Number of floating-point constants for vertex programs: 4096
12:06:00:  * Number of integer constants for vertex programs: 0
12:06:00:  * Number of boolean constants for vertex programs: 0
12:06:00:  * Fragment programs: yes
12:06:00:  * Number of floating-point constants for fragment programs: 4096
12:06:00:  * Number of integer constants for fragment programs: 0
12:06:00:  * Number of boolean constants for fragment programs: 0
12:06:00:  * Geometry programs: no
12:06:00:  * Number of floating-point constants for geometry programs: 0
12:06:00:  * Number of integer constants for geometry programs: 0
12:06:00:  * Number of boolean constants for geometry programs: 0
12:06:00:  * Supported Shader Profiles: arbfp1 arbvp1 glsl
12:06:00:  * Texture Compression: yes
12:06:00:    - DXT: no
12:06:00:    - VTC: no
12:06:00:    - PVRTC: no
12:06:00:  * Scissor Rectangle: yes
12:06:00:  * Hardware Occlusion Query: yes
12:06:00:  * User clip planes: yes
12:06:00:  * VET_UBYTE4 vertex element type: yes
12:06:00:  * Infinite far plane projection: yes
12:06:00:  * Hardware render-to-texture: yes
12:06:00:  * Floating point textures: yes
12:06:00:  * Non-power-of-two textures: yes
12:06:00:  * Volume textures: yes
12:06:00:  * Multiple Render Targets: 8
12:06:00:    - With different bit depths: yes
12:06:00:  * Point Sprites: yes
12:06:00:  * Extended point parameters: yes
12:06:00:  * Max Point Size: 8192
12:06:00:  * Vertex texture fetch: yes
12:06:00:  * Number of world matrices: 0
12:06:00:  * Number of texture units: 16
12:06:00:  * Stencil buffer depth: 8
12:06:00:  * Number of vertex blend matrices: 0
12:06:00:    - Max vertex textures: 16
12:06:00:    - Vertex textures shared: yes
12:06:00:  * Render to Vertex Buffer : no
12:06:00:  * GL 1.5 without VBO workaround: no
12:06:00:  * Frame Buffer objects: yes
12:06:00:  * Frame Buffer objects (ARB extension): no
12:06:00:  * Frame Buffer objects (ATI extension): no
12:06:00:  * PBuffer support: yes
12:06:00:  * GL 1.5 without HW-occlusion workaround: no
12:06:00:  * Separate shader objects: no
12:06:00: DefaultWorkQueue('Root') initialising on thread 0x9d53b0.
12:06:00: Particle Renderer Type 'billboard' registered
12:06:00: SceneManagerFactory for type 'BspSceneManager' registered.
12:06:00: Registering ResourceManager for type BspLevel
12:06:00: DefaultWorkQueue('Root')::WorkerFunc - thread 0xa431c0 starting.
12:06:00: DefaultWorkQueue('Root')::WorkerFunc - thread 0xcb4790 starting.
12:06:00: SceneManagerFactory for type 'PCZSceneManager' registered.
12:06:00: MovableObjectFactory for type 'PCZLight' registered.
12:06:00: MovableObjectFactory for type 'Portal' registered.
12:06:00: MovableObjectFactory for type 'AntiPortal' registered.
12:06:00: PCZone Factory Type 'ZoneType_Octree' registered
12:06:00: SceneManagerFactory for type 'OctreeSceneManager' registered.
12:06:00: Parsing scripts for resource group Autodetect
12:06:00: Finished parsing scripts for resource group Autodetect
12:06:00: Creating resources for group Autodetect
12:06:00: All done
12:06:00: Parsing scripts for resource group Essential
12:06:00: Parsing script SdkTrays.material
12:06:00: Parsing script SdkTrays.fontdef
12:06:00: Parsing script SdkTrays.overlay
12:06:00: Bad element attribute line: '# you can offset the image to change the cursor "hotspot"' for element SdkTrays/Cursor in overlay 
12:06:00: Texture: sdk_cursor.png: Loading 1 faces(PF_A8R8G8B8,32x32x1) with 5 hardware generated mipmaps from Image. Internal format is PF_A8R8G8B8,32x32x1.
12:06:00: Texture: sdk_tray.png: Loading 1 faces(PF_A8R8G8B8,64x64x1) with 5 hardware generated mipmaps from Image. Internal format is PF_A8R8G8B8,64x64x1.
12:06:00: Texture: sdk_button_up.png: Loading 1 faces(PF_A8R8G8B8,128x32x1) with 5 hardware generated mipmaps from Image. Internal format is PF_A8R8G8B8,128x32x1.
12:06:00: Texture: sdk_text_box.png: Loading 1 faces(PF_A8R8G8B8,32x32x1) with 5 hardware generated mipmaps from Image. Internal format is PF_A8R8G8B8,32x32x1.
12:06:00: Texture: sdk_mini_tray.png: Loading 1 faces(PF_A8R8G8B8,32x32x1) with 5 hardware generated mipmaps from Image. Internal format is PF_A8R8G8B8,32x32x1.
12:06:00: Texture: sdk_track.png: Loading 1 faces(PF_A8R8G8B8,16x32x1) with 5 hardware generated mipmaps from Image. Internal format is PF_A8R8G8B8,16x32x1.
12:06:00: Texture: sdk_handle.png: Loading 1 faces(PF_A8R8G8B8,16x16x1) with 4 hardware generated mipmaps from Image. Internal format is PF_A8R8G8B8,16x16x1.
12:06:00: Texture: sdk_mini_text_box.png: Loading 1 faces(PF_A8R8G8B8,32x32x1) with 5 hardware generated mipmaps from Image. Internal format is PF_A8R8G8B8,32x32x1.
12:06:00: Texture: sdk_label.png: Loading 1 faces(PF_A8R8G8B8,32x32x1) with 5 hardware generated mipmaps from Image. Internal format is PF_A8R8G8B8,32x32x1.
12:06:00: Texture: sdk_separator.png: Loading 1 faces(PF_A8R8G8B8,64x16x1) with 5 hardware generated mipmaps from Image. Internal format is PF_A8R8G8B8,64x16x1.
12:06:00: Texture: sdk_logo.png: Loading 1 faces(PF_A8R8G8B8,128x64x1) with 5 hardware generated mipmaps from Image. Internal format is PF_A8R8G8B8,128x64x1.
12:06:00: Texture: sdk_shade.png: Loading 1 faces(PF_A8R8G8B8,64x48x1) with 5 hardware generated mipmaps from Image. Internal format is PF_A8R8G8B8,64x48x1.
12:06:00: Texture: sdk_frame.png: Loading 1 faces(PF_A8R8G8B8,32x32x1) with 5 hardware generated mipmaps from Image. Internal format is PF_A8R8G8B8,32x32x1.
12:06:00: Texture: sdk_mini_text_box_over.png: Loading 1 faces(PF_A8R8G8B8,32x32x1) with 5 hardware generated mipmaps from Image. Internal format is PF_A8R8G8B8,32x32x1.
12:06:00: Texture: sdk_pulse.png: Loading 1 faces(PF_R8G8B8,8x1x1) with 3 hardware generated mipmaps from Image. Internal format is PF_X8R8G8B8,8x1x1.
12:06:00: Finished parsing scripts for resource group Essential
12:06:00: Creating resources for group Essential
12:06:00: All done
12:06:00: Parsing scripts for resource group Fonts
12:06:00: Finished parsing scripts for resource group Fonts
12:06:00: Creating resources for group Fonts
12:06:00: All done
12:06:00: Parsing scripts for resource group General
12:06:00: Parsing script Ogre.material
12:06:00: Parsing script Examples.material
12:06:00: Parsing script Examples.compositor
12:06:00: Finished parsing scripts for resource group General
12:06:00: Creating resources for group General
12:06:00: All done
12:06:00: Parsing scripts for resource group Imagesets
12:06:00: Finished parsing scripts for resource group Imagesets
12:06:00: Creating resources for group Imagesets
12:06:00: All done
12:06:00: Parsing scripts for resource group Internal
12:06:00: Finished parsing scripts for resource group Internal
12:06:00: Creating resources for group Internal
12:06:00: All done
12:06:00: Parsing scripts for resource group Layouts
12:06:00: Finished parsing scripts for resource group Layouts
12:06:00: Creating resources for group Layouts
12:06:00: All done
12:06:00: Parsing scripts for resource group LookNFeel
12:06:00: Finished parsing scripts for resource group LookNFeel
12:06:00: Creating resources for group LookNFeel
12:06:00: All done
12:06:00: Parsing scripts for resource group Schemes
12:06:00: Finished parsing scripts for resource group Schemes
12:06:00: Creating resources for group Schemes
12:06:00: All done
12:06:00: Texture: _cegui_ogre_0: Loading 1 faces(PF_A8B8G8R8,256x256x1) Internal format is PF_A8R8G8B8,256x256x1.
12:06:00: Texture: clouds.jpg: Loading 1 faces(PF_R8G8B8,256x256x1) with 5 hardware generated mipmaps from Image. Internal format is PF_X8R8G8B8,256x256x1.
12:06:00: Mesh: Loading ogrehead.mesh.
12:06:00: WARNING: ogrehead.mesh is an older format ([MeshSerializer_v1.41]); you should upgrade it as soon as possible using the OgreMeshUpgrade tool.
12:06:00: Texture: GreenSkin.jpg: Loading 1 faces(PF_R8G8B8,256x256x1) with 5 hardware generated mipmaps from Image. Internal format is PF_X8R8G8B8,256x256x1.
12:06:00: Texture: spheremap.png: Loading 1 faces(PF_R8G8B8,256x256x1) with 5 hardware generated mipmaps from Image. Internal format is PF_X8R8G8B8,256x256x1.
12:06:00: Texture: tusk.jpg: Loading 1 faces(PF_R8G8B8,96x96x1) with 5 hardware generated mipmaps from Image. Internal format is PF_X8R8G8B8,96x96x1.
12:06:00: *** Initializing OIS ***
12:06:00: Texture: _cegui_ogre_1: Loading 1 faces(PF_A8B8G8R8,256x256x1) Internal format is PF_A8R8G8B8,256x256x1.
12:06:08: DefaultWorkQueue('Root') shutting down on thread 0x9d53b0.
12:06:08: DefaultWorkQueue('Root')::WorkerFunc - thread 0xcb4790 stopped.
12:06:08: DefaultWorkQueue('Root')::WorkerFunc - thread 0xa431c0 stopped.
12:06:08: PCZone Factory Type 'ZoneType_Octree' unregistered
12:06:08: Unregistering ResourceManager for type BspLevel
12:06:08: *-*-* OGRE Shutdown
12:06:08: Unregistering ResourceManager for type Compositor
12:06:08: Unregistering ResourceManager for type Font
12:06:08: Unregistering ResourceManager for type Skeleton
12:06:08: Unregistering ResourceManager for type Mesh
12:06:08: Unregistering ResourceManager for type HighLevelGpuProgram
12:06:08: Uninstalling plugin: Octree Scene Manager
12:06:08: Plugin successfully uninstalled
12:06:08: Unloading library /usr/local/lib/OGRE/Plugin_OctreeSceneManager
12:06:08: Uninstalling plugin: Octree Zone Factory
12:06:08: Plugin successfully uninstalled
12:06:08: Unloading library /usr/local/lib/OGRE/Plugin_OctreeZone
12:06:08: Uninstalling plugin: Portal Connected Zone Scene Manager
12:06:08: Plugin successfully uninstalled
12:06:08: Unloading library /usr/local/lib/OGRE/Plugin_PCZSceneManager
12:06:08: Uninstalling plugin: Cg Program Manager
12:06:08: Plugin successfully uninstalled
12:06:08: Unloading library /usr/local/lib/OGRE/Plugin_CgProgramManager
12:06:08: Uninstalling plugin: BSP Scene Manager
12:06:08: Plugin successfully uninstalled
12:06:08: Unloading library /usr/local/lib/OGRE/Plugin_BSPSceneManager
12:06:08: Uninstalling plugin: ParticleFX
12:06:08: Plugin successfully uninstalled
12:06:08: Unloading library /usr/local/lib/OGRE/Plugin_ParticleFX
12:06:08: Uninstalling plugin: GL RenderSystem
12:06:08: Unregistering ResourceManager for type GpuProgram
12:06:08: ******************************
*** Stopping GLX Subsystem ***
******************************
12:06:08: Unregistering ResourceManager for type Texture
12:06:08: Plugin successfully uninstalled
12:06:08: Unloading library /usr/local/lib/OGRE/RenderSystem_GL
12:06:08: Unregistering ResourceManager for type Material
